<?xml version="1.0" encoding="UTF-8"?>
<!-- Generated by org.testng.reporters.JUnitReportReporter -->
<testsuite hostname="LTIN302508" failures="0" tests="1" name="Testcases.TC_004_Health_insurance_products" time="29.824" errors="0" timestamp="2024-03-17T20:21:28 IST" skipped="0">
  <testcase classname="Testcases.TC_004_Health_insurance_products" name="main" time="29.824"/>
</testsuite> <!-- Testcases.TC_004_Health_insurance_products -->
