<?xml version="1.0" encoding="UTF-8"?>
<!-- Generated by org.testng.reporters.JUnitReportReporter -->
<testsuite hostname="LTIN302508" failures="0" tests="1" name="Testcases.TC_002_Car_Insurance" time="44.807" errors="0" timestamp="2024-03-17T20:21:28 IST" skipped="0">
  <testcase classname="Testcases.TC_002_Car_Insurance" name="main" time="44.807"/>
</testsuite> <!-- Testcases.TC_002_Car_Insurance -->
