<?xml version="1.0" encoding="UTF-8"?>
<!-- Generated by org.testng.reporters.JUnitReportReporter -->
<testsuite hostname="LTIN302508" failures="0" tests="1" name="Testcases.TC_004_Health_Insurance_Data" time="20.102" errors="0" timestamp="2024-02-26T14:24:30 IST" skipped="0">
  <testcase classname="Testcases.TC_004_Health_Insurance_Data" name="main" time="20.102"/>
</testsuite> <!-- Testcases.TC_004_Health_Insurance_Data -->
