<?xml version="1.0" encoding="UTF-8"?>
<!-- Generated by org.testng.reporters.JUnitReportReporter -->
<testsuite hostname="LTIN302508" failures="0" tests="1" name="Testcases.TC_001_travel_Insurance" time="57.779" errors="0" timestamp="2024-03-17T20:21:28 IST" skipped="0">
  <testcase classname="Testcases.TC_001_travel_Insurance" name="main" time="57.779"/>
</testsuite> <!-- Testcases.TC_001_travel_Insurance -->
